<?xml version="1.0" encoding="UTF-8"?>
<robot generator="Robot 4.1.3 (Python 3.9.6 on darwin)" generated="20220216 15:58:46.478" rpa="false" schemaversion="2">
<suite id="s1" name="Test" source="/Users/jimao/robotframework-try/test.robot">
<test id="s1-t1" name="Valid Login">
<kw name="Open Browser To Login Page">
<msg timestamp="20220216 15:58:46.489" level="FAIL">No keyword with name 'Open Browser To Login Page' found.</msg>
<status status="FAIL" starttime="20220216 15:58:46.489" endtime="20220216 15:58:46.489"/>
</kw>
<kw name="Input Username">
<arg>demo</arg>
<status status="NOT RUN" starttime="20220216 15:58:46.490" endtime="20220216 15:58:46.490"/>
</kw>
<kw name="Input Password">
<arg>mode</arg>
<status status="NOT RUN" starttime="20220216 15:58:46.490" endtime="20220216 15:58:46.490"/>
</kw>
<kw name="Submit Credentials">
<status status="NOT RUN" starttime="20220216 15:58:46.491" endtime="20220216 15:58:46.491"/>
</kw>
<kw name="Welcome Page Should Be Open">
<status status="NOT RUN" starttime="20220216 15:58:46.492" endtime="20220216 15:58:46.492"/>
</kw>
<kw name="Close Browser" type="TEARDOWN">
<msg timestamp="20220216 15:58:46.492" level="FAIL">No keyword with name 'Close Browser' found.</msg>
<status status="FAIL" starttime="20220216 15:58:46.492" endtime="20220216 15:58:46.492">No keyword with name 'Close Browser' found.</status>
</kw>
<status status="FAIL" starttime="20220216 15:58:46.488" endtime="20220216 15:58:46.492">No keyword with name 'Open Browser To Login Page' found.

Also teardown failed:
No keyword with name 'Close Browser' found.</status>
</test>
<doc>A test suite with a single test for valid login.

This test has a workflow that is created using keywords in
the imported resource file.</doc>
<status status="FAIL" starttime="20220216 15:58:46.479" endtime="20220216 15:58:46.493"/>
</suite>
<statistics>
<total>
<stat pass="0" fail="1" skip="0">All Tests</stat>
</total>
<tag>
</tag>
<suite>
<stat pass="0" fail="1" skip="0" id="s1" name="Test">Test</stat>
</suite>
</statistics>
<errors>
<msg timestamp="20220216 15:58:46.488" level="ERROR">Error in file '/Users/jimao/robotframework-try/test.robot' on line 6: Resource file 'resource.robot' does not exist.</msg>
</errors>
</robot>
